<?xml version="1.0" encoding="UTF-8"?>
<!-- Generated by org.testng.reporters.JUnitReportReporter -->
<testsuite hostname="Tulasikumar" failures="0" tests="1" name="tests.SearchPageTest" time="29.282" errors="0" timestamp="2023-07-06T15:13:21 IST" skipped="0">
  <testcase classname="tests.SearchPageTest" name="searh" time="29.282"/>
  <system-out/>
</testsuite> <!-- tests.SearchPageTest -->
